  Application.cpp
C:\Program Files (x86)\Microsoft Visual Studio\2019\Community\VC\Tools\MSVC\14.28.29910\include\xutility(138,73): warning C4244: 'argument': conversion from 'int' to 'GLfloat', possible loss of data
C:\Program Files (x86)\Microsoft Visual Studio\2019\Community\VC\Tools\MSVC\14.28.29910\include\memory(2194): message : see reference to function template instantiation 'void std::_Construct_in_place<_Ty,int,int,int&,int,int&,float,float,float>(_Ty &,int &&,int &&,int &,int &&,int &,float &&,float &&,float &&) noexcept(false)' being compiled
          with
          [
              _Ty=Camera
          ]
C:\Program Files (x86)\Microsoft Visual Studio\2019\Community\VC\Tools\MSVC\14.28.29910\include\memory(2907): message : see reference to function template instantiation 'std::_Ref_count_obj2<_Ty>::_Ref_count_obj2<int,int,int&,int,int&,float,float,float>(int &&,int &&,int &,int &&,int &,float &&,float &&,float &&)' being compiled
          with
          [
              _Ty=Camera
          ]
C:\Program Files (x86)\Microsoft Visual Studio\2019\Community\VC\Tools\MSVC\14.28.29910\include\memory(2907): message : see reference to function template instantiation 'std::_Ref_count_obj2<_Ty>::_Ref_count_obj2<int,int,int&,int,int&,float,float,float>(int &&,int &&,int &,int &&,int &,float &&,float &&,float &&)' being compiled
          with
          [
              _Ty=Camera
          ]
C:\Users\Minh Nguyen Macbook\Desktop\InternProject2021\MiniGameStarter\TrainingFramework\src\Application.cpp(20): message : see reference to function template instantiation 'std::shared_ptr<Camera> std::make_shared<Camera,int,int,int&,int,int&,float,float,float>(int &&,int &&,int &,int &&,int &,float &&,float &&,float &&)' being compiled
C:\Program Files (x86)\Microsoft Visual Studio\2019\Community\VC\Tools\MSVC\14.28.29910\include\xutility(138,73): warning C4244: 'argument': conversion from '_Ty' to 'GLfloat', possible loss of data
          with
          [
              _Ty=int
          ]
  ResourceManagers.cpp
  Font.cpp
  GameButton.cpp
  ObjectObstacle.cpp
C:\Users\Minh Nguyen Macbook\Desktop\InternProject2021\MiniGameStarter\TrainingFramework\src\GameObject\ObjectObstacle.cpp(31,62): warning C4244: 'argument': conversion from 'GLfloat' to 'GLint', possible loss of data
C:\Users\Minh Nguyen Macbook\Desktop\InternProject2021\MiniGameStarter\TrainingFramework\src\GameObject\ObjectObstacle.cpp(31,36): warning C4244: 'argument': conversion from 'GLfloat' to 'GLint', possible loss of data
  Sprite2D.cpp
  Camera.cpp
  Sprite3D.cpp
  Model.cpp
C:\Users\Minh Nguyen Macbook\Desktop\InternProject2021\MiniGameStarter\TrainingFramework\src\GameObject\Model.cpp(25,18): warning C4244: 'initializing': conversion from 'std::streamoff' to 'size_t', possible loss of data
  Shader.cpp
  Text.cpp
  Texture.cpp
  GameStateBase.cpp
  GameStateMachine.cpp
  GSCredit.cpp
  GSIntro.cpp
C:\Users\Minh Nguyen Macbook\Desktop\InternProject2021\MiniGameStarter\TrainingFramework\src\GameStates\GSIntro.cpp(20,86): warning C4244: 'argument': conversion from 'float' to 'GLint', possible loss of data
C:\Users\Minh Nguyen Macbook\Desktop\InternProject2021\MiniGameStarter\TrainingFramework\src\GameStates\GSIntro.cpp(20,52): warning C4244: 'argument': conversion from 'float' to 'GLint', possible loss of data
  GSMenu.cpp
  GSPlay.cpp
C:\Users\Minh Nguyen Macbook\Desktop\InternProject2021\MiniGameStarter\TrainingFramework\src\GameStates\GSPlay.cpp(37,92): warning C4244: 'argument': conversion from 'float' to 'GLint', possible loss of data
C:\Users\Minh Nguyen Macbook\Desktop\InternProject2021\MiniGameStarter\TrainingFramework\src\GameStates\GSPlay.cpp(37,58): warning C4244: 'argument': conversion from 'float' to 'GLint', possible loss of data
C:\Users\Minh Nguyen Macbook\Desktop\InternProject2021\MiniGameStarter\TrainingFramework\src\GameStates\GSPlay.cpp(157,46): warning C4554: '&': check operator precedence for possible error; use parentheses to clarify precedence
C:\Users\Minh Nguyen Macbook\Desktop\InternProject2021\MiniGameStarter\TrainingFramework\src\GameStates\GSPlay.cpp(164,46): warning C4554: '&': check operator precedence for possible error; use parentheses to clarify precedence
C:\Users\Minh Nguyen Macbook\Desktop\InternProject2021\MiniGameStarter\TrainingFramework\src\GameStates\GSPlay.cpp(170,45): warning C4554: '&': check operator precedence for possible error; use parentheses to clarify precedence
C:\Users\Minh Nguyen Macbook\Desktop\InternProject2021\MiniGameStarter\TrainingFramework\src\GameStates\GSPlay.cpp(176,46): warning C4554: '&': check operator precedence for possible error; use parentheses to clarify precedence
C:\Users\Minh Nguyen Macbook\Desktop\InternProject2021\MiniGameStarter\TrainingFramework\src\GameStates\GSPlay.cpp(201,20): warning C4018: '<': signed/unsigned mismatch
C:\Users\Minh Nguyen Macbook\Desktop\InternProject2021\MiniGameStarter\TrainingFramework\src\GameStates\GSPlay.cpp(206,75): warning C4244: 'argument': conversion from 'GLfloat' to 'GLint', possible loss of data
C:\Users\Minh Nguyen Macbook\Desktop\InternProject2021\MiniGameStarter\TrainingFramework\src\GameStates\GSPlay.cpp(206,53): warning C4244: 'argument': conversion from 'GLfloat' to 'GLint', possible loss of data
C:\Users\Minh Nguyen Macbook\Desktop\InternProject2021\MiniGameStarter\TrainingFramework\src\GameStates\GSPlay.cpp(212,23): warning C4305: '=': truncation from 'double' to 'float'
C:\Users\Minh Nguyen Macbook\Desktop\InternProject2021\MiniGameStarter\TrainingFramework\src\GameStates\GSPlay.cpp(247,68): warning C4244: 'argument': conversion from 'GLfloat' to 'GLint', possible loss of data
C:\Users\Minh Nguyen Macbook\Desktop\InternProject2021\MiniGameStarter\TrainingFramework\src\GameStates\GSPlay.cpp(247,48): warning C4244: 'argument': conversion from 'GLfloat' to 'GLint', possible loss of data
C:\Program Files (x86)\Microsoft Visual Studio\2019\Community\VC\Tools\MSVC\14.28.29910\include\xutility(138,73): warning C4244: 'argument': conversion from '_Ty' to 'float', possible loss of data
          with
          [
              _Ty=double
          ]
C:\Program Files (x86)\Microsoft Visual Studio\2019\Community\VC\Tools\MSVC\14.28.29910\include\memory(2194): message : see reference to function template instantiation 'void std::_Construct_in_place<_Ty,std::shared_ptr<Shader>&,std::shared_ptr<Font>&,const char(&)[9],TextColor,double>(_Ty &,std::shared_ptr<Shader> &,std::shared_ptr<Font> &,const char (&)[9],TextColor &&,double &&) noexcept(false)' being compiled
          with
          [
              _Ty=Text
          ]
C:\Program Files (x86)\Microsoft Visual Studio\2019\Community\VC\Tools\MSVC\14.28.29910\include\memory(2907): message : see reference to function template instantiation 'std::_Ref_count_obj2<_Ty>::_Ref_count_obj2<std::shared_ptr<Shader>&,std::shared_ptr<Font>&,const char(&)[9],TextColor,double>(std::shared_ptr<Shader> &,std::shared_ptr<Font> &,const char (&)[9],TextColor &&,double &&)' being compiled
          with
          [
              _Ty=Text
          ]
C:\Program Files (x86)\Microsoft Visual Studio\2019\Community\VC\Tools\MSVC\14.28.29910\include\memory(2907): message : see reference to function template instantiation 'std::_Ref_count_obj2<_Ty>::_Ref_count_obj2<std::shared_ptr<Shader>&,std::shared_ptr<Font>&,const char(&)[9],TextColor,double>(std::shared_ptr<Shader> &,std::shared_ptr<Font> &,const char (&)[9],TextColor &&,double &&)' being compiled
          with
          [
              _Ty=Text
          ]
C:\Users\Minh Nguyen Macbook\Desktop\InternProject2021\MiniGameStarter\TrainingFramework\src\GameStates\GSPlay.cpp(73): message : see reference to function template instantiation 'std::shared_ptr<Text> std::make_shared<Text,std::shared_ptr<Shader>&,std::shared_ptr<Font>&,const char(&)[9],TextColor,double>(std::shared_ptr<Shader> &,std::shared_ptr<Font> &,const char (&)[9],TextColor &&,double &&)' being compiled
  TrainingFramework.cpp
  Generating Code...
Application.obj : warning LNK4075: ignoring '/EDITANDCONTINUE' due to '/SAFESEH' specification
  TrainingFramework.vcxproj -> C:\Users\Minh Nguyen Macbook\Desktop\InternProject2021\MiniGameStarter\BIN-AMD\TrainingFramework.exe
